<?xml version="1.0" encoding="utf-8"?>
<coverage line-rate="0.7475" branch-rate="0.5099" version="1.9" timestamp="1782759239" lines-covered="619" lines-valid="828" branches-covered="460" branches-valid="902">
  <sources>
    <source>/mnt/hdd/repos/github.com/book000/github-webhook-bridge/</source>
  </sources>
  <packages>
    <package name="GitHubWebhookBridge" line-rate="0.7475" branch-rate="0.5099" complexity="958">
      <classes>
        <class name="GitHubWebhookBridge.Utils.EmbedHelper" filename="Utils/EmbedHelper.cs" line-rate="1" branch-rate="1" complexity="2">
          <methods>
            <method name="CreateEmbed" signature="(System.String,System.Int32,System.String,System.String,System.Uri,GitHubWebhookBridge.Models.Discord.DiscordEmbedAuthor,System.Collections.Generic.IList`1&lt;GitHubWebhookBridge.Models.Discord.DiscordEmbedField&gt;)" line-rate="1" branch-rate="1" complexity="1">
              <lines>
                <line number="30" hits="65" branch="False" />
                <line number="31" hits="65" branch="False" />
                <line number="32" hits="65" branch="False" />
                <line number="33" hits="65" branch="False" />
                <line number="34" hits="65" branch="False" />
                <line number="35" hits="65" branch="False" />
                <line number="36" hits="65" branch="False" />
                <line number="37" hits="65" branch="False" />
                <line number="38" hits="65" branch="False" />
                <line number="39" hits="65" branch="False" />
                <line number="40" hits="65" branch="False" />
              </lines>
            </method>
            <method name=".cctor" signature="()" line-rate="1" branch-rate="1" complexity="1">
              <lines>
                <line number="8" hits="1" branch="False" />
              </lines>
            </method>
          </methods>
          <lines>
            <line number="30" hits="65" branch="False" />
            <line number="31" hits="65" branch="False" />
            <line number="32" hits="65" branch="False" />
            <line number="33" hits="65" branch="False" />
            <line number="34" hits="65" branch="False" />
            <line number="35" hits="65" branch="False" />
            <line number="36" hits="65" branch="False" />
            <line number="37" hits="65" branch="False" />
            <line number="38" hits="65" branch="False" />
            <line number="39" hits="65" branch="False" />
            <line number="40" hits="65" branch="False" />
            <line number="8" hits="1" branch="False" />
          </lines>
        </class>
        <class name="GitHubWebhookBridge.Utils.SignatureValidator" filename="Utils/SignatureValidator.cs" line-rate="1" branch-rate="1" complexity="6">
          <methods>
            <method name="Validate" signature="(System.Byte[],Microsoft.AspNetCore.Http.IHeaderDictionary,System.String)" line-rate="1" branch-rate="1" complexity="6">
              <lines>
                <line number="25" hits="25" branch="False" />
                <line number="27" hits="25" branch="False" />
                <line number="28" hits="25" branch="True" condition-coverage="100% (4/4)">
                  <conditions>
                    <condition number="44" type="jump" coverage="100%" />
                    <condition number="58" type="jump" coverage="100%" />
                  </conditions>
                </line>
                <line number="29" hits="25" branch="False" />
                <line number="31" hits="2" branch="False" />
                <line number="35" hits="23" branch="False" />
                <line number="37" hits="23" branch="False" />
                <line number="38" hits="23" branch="False" />
                <line number="40" hits="23" branch="False" />
                <line number="41" hits="23" branch="False" />
                <line number="45" hits="23" branch="False" />
                <line number="46" hits="23" branch="False" />
                <line number="47" hits="23" branch="False" />
                <line number="49" hits="23" branch="False" />
                <line number="52" hits="23" branch="True" condition-coverage="100% (2/2)">
                  <conditions>
                    <condition number="216" type="jump" coverage="100%" />
                  </conditions>
                </line>
                <line number="53" hits="23" branch="False" />
              </lines>
            </method>
          </methods>
          <lines>
            <line number="25" hits="25" branch="False" />
            <line number="27" hits="25" branch="False" />
            <line number="28" hits="25" branch="True" condition-coverage="100% (4/4)">
              <conditions>
                <condition number="44" type="jump" coverage="100%" />
                <condition number="58" type="jump" coverage="100%" />
              </conditions>
            </line>
            <line number="29" hits="25" branch="False" />
            <line number="31" hits="2" branch="False" />
            <line number="35" hits="23" branch="False" />
            <line number="37" hits="23" branch="False" />
            <line number="38" hits="23" branch="False" />
            <line number="40" hits="23" branch="False" />
            <line number="41" hits="23" branch="False" />
            <line number="45" hits="23" branch="False" />
            <line number="46" hits="23" branch="False" />
            <line number="47" hits="23" branch="False" />
            <line number="49" hits="23" branch="False" />
            <line number="52" hits="23" branch="True" condition-coverage="100% (2/2)">
              <conditions>
                <condition number="216" type="jump" coverage="100%" />
              </conditions>
            </line>
            <line number="53" hits="23" branch="False" />
          </lines>
        </class>
        <class name="GitHubWebhookBridge.Services.CachedMessage" filename="Services/IMessageCacheService.cs" line-rate="1" branch-rate="1" complexity="1">
          <methods>
            <method name="get_MessageId" signature="()" line-rate="1" branch-rate="1" complexity="1">
              <lines>
                <line number="27" hits="2" branch="False" />
              </lines>
            </method>
          </methods>
          <lines>
            <line number="27" hits="2" branch="False" />
          </lines>
        </class>
        <class name="GitHubWebhookBridge.Managers.BaseManager`1" filename="Managers/BaseManager.cs" line-rate="0.6" branch-rate="0" complexity="15">
          <methods>
            <method name="get_Data" signature="()" line-rate="1" branch-rate="1" complexity="1">
              <lines>
                <line number="29" hits="45" branch="False" />
              </lines>
            </method>
            <method name="LoadJsonAsync" signature="()" line-rate="0" branch-rate="0" complexity="6">
              <lines>
                <line number="74" hits="0" branch="True" condition-coverage="0% (0/2)">
                  <conditions>
                    <condition number="6" type="jump" coverage="0%" />
                  </conditions>
                </line>
                <line number="75" hits="0" branch="True" condition-coverage="0% (0/2)">
                  <conditions>
                    <condition number="27" type="jump" coverage="0%" />
                  </conditions>
                </line>
                <line number="76" hits="0" branch="True" condition-coverage="0% (0/2)">
                  <conditions>
                    <condition number="50" type="jump" coverage="0%" />
                  </conditions>
                </line>
              </lines>
            </method>
            <method name="GetDefaultContent" signature="()" line-rate="0" branch-rate="1" complexity="1">
              <lines>
                <line number="124" hits="0" branch="False" />
              </lines>
            </method>
            <method name="DeserializeJson" signature="(System.String)" line-rate="1" branch-rate="1" complexity="1">
              <lines>
                <line number="131" hits="11" branch="False" />
              </lines>
            </method>
            <method name="SetDataForTest" signature="(TData)" line-rate="1" branch-rate="1" complexity="1">
              <lines>
                <line number="136" hits="11" branch="False" />
                <line number="137" hits="11" branch="False" />
                <line number="138" hits="11" branch="False" />
              </lines>
            </method>
            <method name="Dispose" signature="(System.Boolean)" line-rate="0" branch-rate="0" complexity="2">
              <lines>
                <line number="143" hits="0" branch="True" condition-coverage="0% (0/2)">
                  <conditions>
                    <condition number="1" type="jump" coverage="0%" />
                  </conditions>
                </line>
                <line number="144" hits="0" branch="False" />
                <line number="145" hits="0" branch="False" />
              </lines>
            </method>
            <method name="Dispose" signature="()" line-rate="0" branch-rate="1" complexity="1">
              <lines>
                <line number="150" hits="0" branch="False" />
                <line number="151" hits="0" branch="False" />
                <line number="152" hits="0" branch="False" />
              </lines>
            </method>
            <method name=".ctor" signature="(Microsoft.Extensions.Configuration.IConfiguration,System.Net.Http.IHttpClientFactory)" line-rate="1" branch-rate="1" complexity="1">
              <lines>
                <line number="14" hits="11" branch="False" />
                <line number="32" hits="11" branch="False" />
                <line number="42" hits="11" branch="False" />
                <line number="43" hits="11" branch="False" />
              </lines>
            </method>
            <method name=".cctor" signature="()" line-rate="1" branch-rate="1" complexity="1">
              <lines>
                <line number="35" hits="1" branch="False" />
                <line number="36" hits="1" branch="False" />
                <line number="37" hits="1" branch="False" />
                <line number="38" hits="1" branch="False" />
                <line number="39" hits="1" branch="False" />
                <line number="40" hits="1" branch="False" />
              </lines>
            </method>
          </methods>
          <lines>
            <line number="29" hits="45" branch="False" />
            <line number="74" hits="0" branch="True" condition-coverage="0% (0/2)">
              <conditions>
                <condition number="6" type="jump" coverage="0%" />
              </conditions>
            </line>
            <line number="75" hits="0" branch="True" condition-coverage="0% (0/2)">
              <conditions>
                <condition number="27" type="jump" coverage="0%" />
              </conditions>
            </line>
            <line number="76" hits="0" branch="True" condition-coverage="0% (0/2)">
              <conditions>
                <condition number="50" type="jump" coverage="0%" />
              </conditions>
            </line>
            <line number="124" hits="0" branch="False" />
            <line number="131" hits="11" branch="False" />
            <line number="136" hits="11" branch="False" />
            <line number="137" hits="11" branch="False" />
            <line number="138" hits="11" branch="False" />
            <line number="143" hits="0" branch="True" condition-coverage="0% (0/2)">
              <conditions>
                <condition number="1" type="jump" coverage="0%" />
              </conditions>
            </line>
            <line number="144" hits="0" branch="False" />
            <line number="145" hits="0" branch="False" />
            <line number="150" hits="0" branch="False" />
            <line number="151" hits="0" branch="False" />
            <line number="152" hits="0" branch="False" />
            <line number="14" hits="11" branch="False" />
            <line number="32" hits="11" branch="False" />
            <line number="42" hits="11" branch="False" />
            <line number="43" hits="11" branch="False" />
            <line number="35" hits="1" branch="False" />
            <line number="36" hits="1" branch="False" />
            <line number="37" hits="1" branch="False" />
            <line number="38" hits="1" branch="False" />
            <line number="39" hits="1" branch="False" />
            <line number="40" hits="1" branch="False" />
          </lines>
        </class>
        <class name="GitHubWebhookBridge.Managers.BaseManager`1/&lt;EnsureLoadedAsync&gt;d__16" filename="Managers/BaseManager.cs" line-rate="0" branch-rate="0" complexity="6">
          <methods>
            <method name="MoveNext" signature="()" line-rate="0" branch-rate="0" complexity="6">
              <lines>
                <line number="48" hits="0" branch="True" condition-coverage="0% (0/2)">
                  <conditions>
                    <condition number="29" type="jump" coverage="0%" />
                  </conditions>
                </line>
                <line number="49" hits="0" branch="False" />
                <line number="52" hits="0" branch="True" condition-coverage="0% (0/2)">
                  <conditions>
                    <condition number="145" type="jump" coverage="0%" />
                  </conditions>
                </line>
                <line number="53" hits="0" branch="False" />
                <line number="54" hits="0" branch="True" condition-coverage="0% (0/2)">
                  <conditions>
                    <condition number="264" type="jump" coverage="0%" />
                  </conditions>
                </line>
                <line number="55" hits="0" branch="False" />
                <line number="56" hits="0" branch="False" />
                <line number="57" hits="0" branch="False" />
                <line number="60" hits="0" branch="False" />
                <line number="62" hits="0" branch="False" />
              </lines>
            </method>
          </methods>
          <lines>
            <line number="48" hits="0" branch="True" condition-coverage="0% (0/2)">
              <conditions>
                <condition number="29" type="jump" coverage="0%" />
              </conditions>
            </line>
            <line number="49" hits="0" branch="False" />
            <line number="52" hits="0" branch="True" condition-coverage="0% (0/2)">
              <conditions>
                <condition number="145" type="jump" coverage="0%" />
              </conditions>
            </line>
            <line number="53" hits="0" branch="False" />
            <line number="54" hits="0" branch="True" condition-coverage="0% (0/2)">
              <conditions>
                <condition number="264" type="jump" coverage="0%" />
              </conditions>
            </line>
            <line number="55" hits="0" branch="False" />
            <line number="56" hits="0" branch="False" />
            <line number="57" hits="0" branch="False" />
            <line number="60" hits="0" branch="False" />
            <line number="62" hits="0" branch="False" />
          </lines>
        </class>
        <class name="GitHubWebhookBridge.Managers.BaseManager`1/&lt;LoadFromBlobAsync&gt;d__20" filename="Managers/BaseManager.cs" line-rate="0" branch-rate="0" complexity="4">
          <methods>
            <method name="MoveNext" signature="()" line-rate="0" branch-rate="0" complexity="4">
              <lines>
                <line number="82" hits="0" branch="False" />
                <line number="83" hits="0" branch="True" condition-coverage="0% (0/2)">
                  <conditions>
                    <condition number="36" type="jump" coverage="0%" />
                  </conditions>
                </line>
                <line number="85" hits="0" branch="False" />
                <line number="86" hits="0" branch="False" />
                <line number="89" hits="0" branch="False" />
                <line number="90" hits="0" branch="False" />
                <line number="92" hits="0" branch="True" condition-coverage="0% (0/2)">
                  <conditions>
                    <condition number="108" type="jump" coverage="0%" />
                  </conditions>
                </line>
                <line number="93" hits="0" branch="False" />
                <line number="95" hits="0" branch="False" />
                <line number="96" hits="0" branch="False" />
                <line number="97" hits="0" branch="False" />
                <line number="98" hits="0" branch="False" />
              </lines>
            </method>
          </methods>
          <lines>
            <line number="82" hits="0" branch="False" />
            <line number="83" hits="0" branch="True" condition-coverage="0% (0/2)">
              <conditions>
                <condition number="36" type="jump" coverage="0%" />
              </conditions>
            </line>
            <line number="85" hits="0" branch="False" />
            <line number="86" hits="0" branch="False" />
            <line number="89" hits="0" branch="False" />
            <line number="90" hits="0" branch="False" />
            <line number="92" hits="0" branch="True" condition-coverage="0% (0/2)">
              <conditions>
                <condition number="108" type="jump" coverage="0%" />
              </conditions>
            </line>
            <line number="93" hits="0" branch="False" />
            <line number="95" hits="0" branch="False" />
            <line number="96" hits="0" branch="False" />
            <line number="97" hits="0" branch="False" />
            <line number="98" hits="0" branch="False" />
          </lines>
        </class>
        <class name="GitHubWebhookBridge.Managers.BaseManager`1/&lt;LoadFromFileAsync&gt;d__22" filename="Managers/BaseManager.cs" line-rate="0" branch-rate="0" complexity="4">
          <methods>
            <method name="MoveNext" signature="()" line-rate="0" branch-rate="0" complexity="4">
              <lines>
                <line number="112" hits="0" branch="True" condition-coverage="0% (0/2)">
                  <conditions>
                    <condition number="38" type="jump" coverage="0%" />
                  </conditions>
                </line>
                <line number="114" hits="0" branch="True" condition-coverage="0% (0/2)">
                  <conditions>
                    <condition number="55" type="jump" coverage="0%" />
                  </conditions>
                </line>
                <line number="115" hits="0" branch="False" />
                <line number="116" hits="0" branch="False" />
                <line number="117" hits="0" branch="False" />
                <line number="120" hits="0" branch="False" />
                <line number="121" hits="0" branch="False" />
              </lines>
            </method>
          </methods>
          <lines>
            <line number="112" hits="0" branch="True" condition-coverage="0% (0/2)">
              <conditions>
                <condition number="38" type="jump" coverage="0%" />
              </conditions>
            </line>
            <line number="114" hits="0" branch="True" condition-coverage="0% (0/2)">
              <conditions>
                <condition number="55" type="jump" coverage="0%" />
              </conditions>
            </line>
            <line number="115" hits="0" branch="False" />
            <line number="116" hits="0" branch="False" />
            <line number="117" hits="0" branch="False" />
            <line number="120" hits="0" branch="False" />
            <line number="121" hits="0" branch="False" />
          </lines>
        </class>
        <class name="GitHubWebhookBridge.Managers.BaseManager`1/&lt;LoadFromHttpAsync&gt;d__21" filename="Managers/BaseManager.cs" line-rate="0" branch-rate="0" complexity="2">
          <methods>
            <method name="MoveNext" signature="()" line-rate="0" branch-rate="0" complexity="2">
              <lines>
                <line number="103" hits="0" branch="True" condition-coverage="0% (0/2)">
                  <conditions>
                    <condition number="42" type="jump" coverage="0%" />
                  </conditions>
                </line>
                <line number="104" hits="0" branch="False" />
                <line number="106" hits="0" branch="False" />
                <line number="107" hits="0" branch="False" />
                <line number="108" hits="0" branch="False" />
              </lines>
            </method>
          </methods>
          <lines>
            <line number="103" hits="0" branch="True" condition-coverage="0% (0/2)">
              <conditions>
                <condition number="42" type="jump" coverage="0%" />
              </conditions>
            </line>
            <line number="104" hits="0" branch="False" />
            <line number="106" hits="0" branch="False" />
            <line number="107" hits="0" branch="False" />
            <line number="108" hits="0" branch="False" />
          </lines>
        </class>
        <class name="GitHubWebhookBridge.Managers.MuteManager" filename="Managers/MuteManager.cs" line-rate="0.88" branch-rate="0.8332999999999999" complexity="29">
          <methods>
            <method name="get_FilePath" signature="()" line-rate="1" branch-rate="1" complexity="1">
              <lines>
                <line number="9" hits="11" branch="False" />
              </lines>
            </method>
            <method name="get_FileUrl" signature="()" line-rate="1" branch-rate="1" complexity="1">
              <lines>
                <line number="11" hits="11" branch="False" />
              </lines>
            </method>
            <method name="get_BlobPath" signature="()" line-rate="1" branch-rate="1" complexity="1">
              <lines>
                <line number="13" hits="11" branch="False" />
              </lines>
            </method>
            <method name="GetDefaultFilePath" signature="()" line-rate="0" branch-rate="1" complexity="1">
              <lines>
                <line number="15" hits="0" branch="False" />
              </lines>
            </method>
            <method name="Deserialize" signature="(System.String)" line-rate="1" branch-rate="1" complexity="1">
              <lines>
                <line number="19" hits="11" branch="False" />
              </lines>
            </method>
            <method name="LoadForTest" signature="(System.String)" line-rate="1" branch-rate="0.5" complexity="2">
              <lines>
                <line number="24" hits="11" branch="True" condition-coverage="50% (1/2)">
                  <conditions>
                    <condition number="8" type="jump" coverage="50%" />
                  </conditions>
                </line>
                <line number="25" hits="11" branch="False" />
                <line number="26" hits="11" branch="False" />
                <line number="27" hits="11" branch="False" />
              </lines>
            </method>
            <method name="IsMuted" signature="(System.Int64,System.String,System.String)" line-rate="0.8665999999999999" branch-rate="0.9" complexity="20">
              <lines>
                <line number="39" hits="17" branch="True" condition-coverage="50% (1/2)">
                  <conditions>
                    <condition number="33" type="jump" coverage="50%" />
                  </conditions>
                </line>
                <line number="41" hits="0" branch="False" />
                <line number="42" hits="0" branch="False" />
                <line number="45" hits="30" branch="False" />
                <line number="46" hits="21" branch="True" condition-coverage="100% (2/2)">
                  <conditions>
                    <condition number="71" type="jump" coverage="100%" />
                  </conditions>
                </line>
                <line number="47" hits="19" branch="True" condition-coverage="100% (2/2)">
                  <conditions>
                    <condition number="82" type="jump" coverage="100%" />
                  </conditions>
                </line>
                <line number="49" hits="7" branch="True" condition-coverage="100% (2/2)">
                  <conditions>
                    <condition number="92" type="jump" coverage="100%" />
                  </conditions>
                </line>
                <line number="52" hits="5" branch="False" />
                <line number="53" hits="10" branch="True" condition-coverage="100% (6/6)">
                  <conditions>
                    <condition number="17" type="jump" coverage="100%" />
                    <condition number="25" type="jump" coverage="100%" />
                    <condition number="33" type="jump" coverage="100%" />
                  </conditions>
                </line>
                <line number="54" hits="10" branch="False" />
                <line number="55" hits="10" branch="False" />
                <line number="60" hits="2" branch="False" />
                <line number="61" hits="4" branch="True" condition-coverage="83.33% (5/6)">
                  <conditions>
                    <condition number="17" type="jump" coverage="100%" />
                    <condition number="25" type="jump" coverage="100%" />
                    <condition number="33" type="jump" coverage="50%" />
                  </conditions>
                </line>
                <line number="62" hits="4" branch="False" />
                <line number="63" hits="4" branch="False" />
              </lines>
            </method>
            <method name=".ctor" signature="(Microsoft.Extensions.Configuration.IConfiguration,System.Net.Http.IHttpClientFactory)" line-rate="1" branch-rate="0.5" complexity="2">
              <lines>
                <line number="7" hits="11" branch="False" />
              </lines>
            </method>
          </methods>
          <lines>
            <line number="9" hits="11" branch="False" />
            <line number="11" hits="11" branch="False" />
            <line number="13" hits="11" branch="False" />
            <line number="15" hits="0" branch="False" />
            <line number="19" hits="11" branch="False" />
            <line number="24" hits="11" branch="True" condition-coverage="50% (1/2)">
              <conditions>
                <condition number="8" type="jump" coverage="50%" />
              </conditions>
            </line>
            <line number="25" hits="11" branch="False" />
            <line number="26" hits="11" branch="False" />
            <line number="27" hits="11" branch="False" />
            <line number="39" hits="17" branch="True" condition-coverage="50% (1/2)">
              <conditions>
                <condition number="33" type="jump" coverage="50%" />
              </conditions>
            </line>
            <line number="41" hits="0" branch="False" />
            <line number="42" hits="0" branch="False" />
            <line number="45" hits="30" branch="False" />
            <line number="46" hits="21" branch="True" condition-coverage="100% (2/2)">
              <conditions>
                <condition number="71" type="jump" coverage="100%" />
              </conditions>
            </line>
            <line number="47" hits="19" branch="True" condition-coverage="100% (2/2)">
              <conditions>
                <condition number="82" type="jump" coverage="100%" />
              </conditions>
            </line>
            <line number="49" hits="7" branch="True" condition-coverage="100% (2/2)">
              <conditions>
                <condition number="92" type="jump" coverage="100%" />
              </conditions>
            </line>
            <line number="52" hits="5" branch="False" />
            <line number="53" hits="10" branch="True" condition-coverage="100% (6/6)">
              <conditions>
                <condition number="17" type="jump" coverage="100%" />
                <condition number="25" type="jump" coverage="100%" />
                <condition number="33" type="jump" coverage="100%" />
              </conditions>
            </line>
            <line number="54" hits="10" branch="False" />
            <line number="55" hits="10" branch="False" />
            <line number="60" hits="2" branch="False" />
            <line number="61" hits="4" branch="True" condition-coverage="83.33% (5/6)">
              <conditions>
                <condition number="17" type="jump" coverage="100%" />
                <condition number="25" type="jump" coverage="100%" />
                <condition number="33" type="jump" coverage="50%" />
              </conditions>
            </line>
            <line number="62" hits="4" branch="False" />
            <line number="63" hits="4" branch="False" />
            <line number="7" hits="11" branch="False" />
          </lines>
        </class>
        <class name="GitHubWebhookBridge.Managers.MuteRecord" filename="Managers/MuteManager.cs" line-rate="1" branch-rate="1" complexity="4">
          <methods>
            <method name="get_UserId" signature="()" line-rate="1" branch-rate="1" complexity="1">
              <lines>
                <line number="69" hits="13" branch="False" />
              </lines>
            </method>
            <method name="get_Type" signature="()" line-rate="1" branch-rate="1" complexity="1">
              <lines>
                <line number="70" hits="20" branch="False" />
              </lines>
            </method>
            <method name="get_Events" signature="()" line-rate="1" branch-rate="1" complexity="1">
              <lines>
                <line number="71" hits="15" branch="False" />
              </lines>
            </method>
            <method name=".ctor" signature="(System.Int64,GitHubWebhookBridge.Managers.MuteType,System.Collections.Generic.IList`1&lt;GitHubWebhookBridge.Managers.MuteEvent&gt;)" line-rate="1" branch-rate="1" complexity="1">
              <lines>
                <line number="68" hits="8" branch="False" />
              </lines>
            </method>
          </methods>
          <lines>
            <line number="69" hits="13" branch="False" />
            <line number="70" hits="20" branch="False" />
            <line number="71" hits="15" branch="False" />
            <line number="68" hits="8" branch="False" />
          </lines>
        </class>
        <class name="GitHubWebhookBridge.Managers.MuteEvent" filename="Managers/MuteManager.cs" line-rate="1" branch-rate="1" complexity="3">
          <methods>
            <method name="get_EventName" signature="()" line-rate="1" branch-rate="1" complexity="1">
              <lines>
                <line number="75" hits="7" branch="False" />
              </lines>
            </method>
            <method name="get_Actions" signature="()" line-rate="1" branch-rate="1" complexity="1">
              <lines>
                <line number="76" hits="13" branch="False" />
              </lines>
            </method>
            <method name=".ctor" signature="(System.String,System.Collections.Generic.IList`1&lt;System.String&gt;)" line-rate="1" branch-rate="1" complexity="1">
              <lines>
                <line number="74" hits="5" branch="False" />
              </lines>
            </method>
          </methods>
          <lines>
            <line number="75" hits="7" branch="False" />
            <line number="76" hits="13" branch="False" />
            <line number="74" hits="5" branch="False" />
          </lines>
        </class>
        <class name="GitHubWebhookBridge.Functions.WebhookFunction" filename="Functions/WebhookFunction.cs" line-rate="1" branch-rate="1" complexity="6">
          <methods>
            <method name="SanitizeEventName" signature="(System.String)" line-rate="1" branch-rate="1" complexity="1">
              <lines>
                <line number="187" hits="13" branch="False" />
              </lines>
            </method>
            <method name="NormalizeEventName" signature="(System.String)" line-rate="1" branch-rate="1" complexity="1">
              <lines>
                <line number="195" hits="12" branch="False" />
              </lines>
            </method>
            <method name="IsAllowedWebhookUrl" signature="(System.String)" line-rate="1" branch-rate="1" complexity="2">
              <lines>
                <line number="199" hits="4" branch="True" condition-coverage="100% (2/2)">
                  <conditions>
                    <condition number="12" type="jump" coverage="100%" />
                  </conditions>
                </line>
                <line number="200" hits="4" branch="False" />
              </lines>
            </method>
            <method name=".ctor" signature="(GitHubWebhookBridge.Actions.IActionFactory,GitHubWebhookBridge.Managers.IMuteManager,Microsoft.Extensions.Configuration.IConfiguration,Microsoft.Extensions.Logging.ILogger`1&lt;GitHubWebhookBridge.Functions.WebhookFunction&gt;)" line-rate="1" branch-rate="1" complexity="1">
              <lines>
                <line number="17" hits="18" branch="False" />
                <line number="18" hits="18" branch="False" />
                <line number="19" hits="18" branch="False" />
                <line number="20" hits="18" branch="False" />
                <line number="21" hits="18" branch="False" />
                <line number="23" hits="18" branch="False" />
                <line number="24" hits="18" branch="False" />
                <line number="25" hits="18" branch="False" />
                <line number="26" hits="18" branch="False" />
              </lines>
            </method>
            <method name=".cctor" signature="()" line-rate="1" branch-rate="1" complexity="1">
              <lines>
                <line number="29" hits="1" branch="False" />
                <line number="30" hits="1" branch="False" />
                <line number="31" hits="1" branch="False" />
                <line number="32" hits="1" branch="False" />
              </lines>
            </method>
          </methods>
          <lines>
            <line number="187" hits="13" branch="False" />
            <line number="195" hits="12" branch="False" />
            <line number="199" hits="4" branch="True" condition-coverage="100% (2/2)">
              <conditions>
                <condition number="12" type="jump" coverage="100%" />
              </conditions>
            </line>
            <line number="200" hits="4" branch="False" />
            <line number="17" hits="18" branch="False" />
            <line number="18" hits="18" branch="False" />
            <line number="19" hits="18" branch="False" />
            <line number="20" hits="18" branch="False" />
            <line number="21" hits="18" branch="False" />
            <line number="23" hits="18" branch="False" />
            <line number="24" hits="18" branch="False" />
            <line number="25" hits="18" branch="False" />
            <line number="26" hits="18" branch="False" />
            <line number="29" hits="1" branch="False" />
            <line number="30" hits="1" branch="False" />
            <line number="31" hits="1" branch="False" />
            <line number="32" hits="1" branch="False" />
          </lines>
        </class>
        <class name="GitHubWebhookBridge.Functions.WebhookFunction/&lt;RunAsync&gt;d__6" filename="Functions/WebhookFunction.cs" line-rate="0.9142" branch-rate="0.8913" complexity="46">
          <methods>
            <method name="MoveNext" signature="()" line-rate="0.9142" branch-rate="0.8913" complexity="46">
              <lines>
                <line number="44" hits="18" branch="False" />
                <line number="50" hits="18" branch="True" condition-coverage="100% (4/4)">
                  <conditions>
                    <condition number="54" type="jump" coverage="100%" />
                    <condition number="82" type="jump" coverage="100%" />
                  </conditions>
                </line>
                <line number="51" hits="1" branch="False" />
                <line number="54" hits="17" branch="False" />
                <line number="55" hits="17" branch="False" />
                <line number="56" hits="17" branch="False" />
                <line number="58" hits="33" branch="True" condition-coverage="100% (2/2)">
                  <conditions>
                    <condition number="474" type="jump" coverage="100%" />
                  </conditions>
                </line>
                <line number="60" hits="16" branch="False" />
                <line number="61" hits="16" branch="True" condition-coverage="50% (1/2)">
                  <conditions>
                    <condition number="319" type="jump" coverage="50%" />
                  </conditions>
                </line>
                <line number="62" hits="0" branch="False" />
                <line number="65" hits="17" branch="False" />
                <line number="67" hits="17" branch="True" condition-coverage="100% (2/2)">
                  <conditions>
                    <condition number="495" type="jump" coverage="100%" />
                  </conditions>
                </line>
                <line number="68" hits="1" branch="False" />
                <line number="70" hits="16" branch="False" />
                <line number="73" hits="16" branch="True" condition-coverage="50% (1/2)">
                  <conditions>
                    <condition number="553" type="jump" coverage="50%" />
                  </conditions>
                </line>
                <line number="74" hits="16" branch="False" />
                <line number="75" hits="16" branch="True" condition-coverage="100% (2/2)">
                  <conditions>
                    <condition number="589" type="jump" coverage="100%" />
                  </conditions>
                </line>
                <line number="76" hits="2" branch="False" />
                <line number="79" hits="14" branch="False" />
                <line number="80" hits="14" branch="True" condition-coverage="100% (2/2)">
                  <conditions>
                    <condition number="657" type="jump" coverage="100%" />
                  </conditions>
                </line>
                <line number="81" hits="1" branch="False" />
                <line number="83" hits="13" branch="False" />
                <line number="84" hits="13" branch="True" condition-coverage="100% (2/2)">
                  <conditions>
                    <condition number="694" type="jump" coverage="100%" />
                  </conditions>
                </line>
                <line number="86" hits="1" branch="False" />
                <line number="87" hits="1" branch="False" />
                <line number="91" hits="12" branch="False" />
                <line number="95" hits="12" branch="True" condition-coverage="100% (4/4)">
                  <conditions>
                    <condition number="774" type="jump" coverage="100%" />
                    <condition number="788" type="jump" coverage="100%" />
                  </conditions>
                </line>
                <line number="97" hits="4" branch="False" />
                <line number="98" hits="4" branch="True" condition-coverage="100% (2/2)">
                  <conditions>
                    <condition number="812" type="jump" coverage="100%" />
                  </conditions>
                </line>
                <line number="99" hits="2" branch="False" />
                <line number="100" hits="2" branch="False" />
                <line number="105" hits="8" branch="True" condition-coverage="50% (1/2)">
                  <conditions>
                    <condition number="867" type="jump" coverage="50%" />
                  </conditions>
                </line>
                <line number="106" hits="8" branch="False" />
                <line number="107" hits="8" branch="False" />
                <line number="111" hits="10" branch="True" condition-coverage="100% (4/4)">
                  <conditions>
                    <condition number="919" type="jump" coverage="100%" />
                    <condition number="933" type="jump" coverage="100%" />
                  </conditions>
                </line>
                <line number="112" hits="10" branch="False" />
                <line number="113" hits="10" branch="False" />
                <line number="114" hits="10" branch="False" />
                <line number="115" hits="10" branch="True" condition-coverage="100% (2/2)">
                  <conditions>
                    <condition number="975" type="jump" coverage="100%" />
                  </conditions>
                </line>
                <line number="117" hits="2" branch="False" />
                <line number="118" hits="2" branch="True" condition-coverage="100% (2/2)">
                  <conditions>
                    <condition number="1008" type="jump" coverage="100%" />
                  </conditions>
                </line>
                <line number="119" hits="2" branch="False" />
                <line number="126" hits="8" branch="False" />
                <line number="127" hits="7" branch="False" />
                <line number="128" hits="1" branch="False" />
                <line number="130" hits="1" branch="False" />
                <line number="134" hits="7" branch="False" />
                <line number="135" hits="7" branch="True" condition-coverage="100% (6/6)">
                  <conditions>
                    <condition number="1212" type="jump" coverage="100%" />
                    <condition number="1228" type="jump" coverage="100%" />
                    <condition number="1238" type="jump" coverage="100%" />
                  </conditions>
                </line>
                <line number="136" hits="7" branch="False" />
                <line number="137" hits="7" branch="False" />
                <line number="139" hits="6" branch="True" condition-coverage="50% (1/2)">
                  <conditions>
                    <condition number="1258" type="jump" coverage="50%" />
                  </conditions>
                </line>
                <line number="140" hits="6" branch="True" condition-coverage="100% (2/2)">
                  <conditions>
                    <condition number="1298" type="jump" coverage="100%" />
                  </conditions>
                </line>
                <line number="141" hits="1" branch="False" />
                <line number="148" hits="6" branch="False" />
                <line number="149" hits="5" branch="False" />
                <line number="150" hits="1" branch="False" />
                <line number="153" hits="1" branch="False" />
                <line number="154" hits="1" branch="False" />
                <line number="158" hits="5" branch="True" condition-coverage="50% (1/2)">
                  <conditions>
                    <condition number="1426" type="jump" coverage="50%" />
                  </conditions>
                </line>
                <line number="160" hits="0" branch="False" />
                <line number="161" hits="0" branch="False" />
                <line number="166" hits="5" branch="False" />
                <line number="167" hits="4" branch="False" />
                <line number="169" hits="1" branch="False" />
                <line number="172" hits="1" branch="False" />
                <line number="173" hits="1" branch="False" />
                <line number="175" hits="0" branch="False" />
                <line number="177" hits="0" branch="False" />
                <line number="178" hits="0" branch="False" />
                <line number="180" hits="18" branch="False" />
              </lines>
            </method>
          </methods>
          <lines>
            <line number="44" hits="18" branch="False" />
            <line number="50" hits="18" branch="True" condition-coverage="100% (4/4)">
              <conditions>
                <condition number="54" type="jump" coverage="100%" />
                <condition number="82" type="jump" coverage="100%" />
              </conditions>
            </line>
            <line number="51" hits="1" branch="False" />
            <line number="54" hits="17" branch="False" />
            <line number="55" hits="17" branch="False" />
            <line number="56" hits="17" branch="False" />
            <line number="58" hits="33" branch="True" condition-coverage="100% (2/2)">
              <conditions>
                <condition number="474" type="jump" coverage="100%" />
              </conditions>
            </line>
            <line number="60" hits="16" branch="False" />
            <line number="61" hits="16" branch="True" condition-coverage="50% (1/2)">
              <conditions>
                <condition number="319" type="jump" coverage="50%" />
              </conditions>
            </line>
            <line number="62" hits="0" branch="False" />
            <line number="65" hits="17" branch="False" />
            <line number="67" hits="17" branch="True" condition-coverage="100% (2/2)">
              <conditions>
                <condition number="495" type="jump" coverage="100%" />
              </conditions>
            </line>
            <line number="68" hits="1" branch="False" />
            <line number="70" hits="16" branch="False" />
            <line number="73" hits="16" branch="True" condition-coverage="50% (1/2)">
              <conditions>
                <condition number="553" type="jump" coverage="50%" />
              </conditions>
            </line>
            <line number="74" hits="16" branch="False" />
            <line number="75" hits="16" branch="True" condition-coverage="100% (2/2)">
              <conditions>
                <condition number="589" type="jump" coverage="100%" />
              </conditions>
            </line>
            <line number="76" hits="2" branch="False" />
            <line number="79" hits="14" branch="False" />
            <line number="80" hits="14" branch="True" condition-coverage="100% (2/2)">
              <conditions>
                <condition number="657" type="jump" coverage="100%" />
              </conditions>
            </line>
            <line number="81" hits="1" branch="False" />
            <line number="83" hits="13" branch="False" />
            <line number="84" hits="13" branch="True" condition-coverage="100% (2/2)">
              <conditions>
                <condition number="694" type="jump" coverage="100%" />
              </conditions>
            </line>
            <line number="86" hits="1" branch="False" />
            <line number="87" hits="1" branch="False" />
            <line number="91" hits="12" branch="False" />
            <line number="95" hits="12" branch="True" condition-coverage="100% (4/4)">
              <conditions>
                <condition number="774" type="jump" coverage="100%" />
                <condition number="788" type="jump" coverage="100%" />
              </conditions>
            </line>
            <line number="97" hits="4" branch="False" />
            <line number="98" hits="4" branch="True" condition-coverage="100% (2/2)">
              <conditions>
                <condition number="812" type="jump" coverage="100%" />
              </conditions>
            </line>
            <line number="99" hits="2" branch="False" />
            <line number="100" hits="2" branch="False" />
            <line number="105" hits="8" branch="True" condition-coverage="50% (1/2)">
              <conditions>
                <condition number="867" type="jump" coverage="50%" />
              </conditions>
            </line>
            <line number="106" hits="8" branch="False" />
            <line number="107" hits="8" branch="False" />
            <line number="111" hits="10" branch="True" condition-coverage="100% (4/4)">
              <conditions>
                <condition number="919" type="jump" coverage="100%" />
                <condition number="933" type="jump" coverage="100%" />
              </conditions>
            </line>
            <line number="112" hits="10" branch="False" />
            <line number="113" hits="10" branch="False" />
            <line number="114" hits="10" branch="False" />
            <line number="115" hits="10" branch="True" condition-coverage="100% (2/2)">
              <conditions>
                <condition number="975" type="jump" coverage="100%" />
              </conditions>
            </line>
            <line number="117" hits="2" branch="False" />
            <line number="118" hits="2" branch="True" condition-coverage="100% (2/2)">
              <conditions>
                <condition number="1008" type="jump" coverage="100%" />
              </conditions>
            </line>
            <line number="119" hits="2" branch="False" />
            <line number="126" hits="8" branch="False" />
            <line number="127" hits="7" branch="False" />
            <line number="128" hits="1" branch="False" />
            <line number="130" hits="1" branch="False" />
            <line number="134" hits="7" branch="False" />
            <line number="135" hits="7" branch="True" condition-coverage="100% (6/6)">
              <conditions>
                <condition number="1212" type="jump" coverage="100%" />
                <condition number="1228" type="jump" coverage="100%" />
                <condition number="1238" type="jump" coverage="100%" />
              </conditions>
            </line>
            <line number="136" hits="7" branch="False" />
            <line number="137" hits="7" branch="False" />
            <line number="139" hits="6" branch="True" condition-coverage="50% (1/2)">
              <conditions>
                <condition number="1258" type="jump" coverage="50%" />
              </conditions>
            </line>
            <line number="140" hits="6" branch="True" condition-coverage="100% (2/2)">
              <conditions>
                <condition number="1298" type="jump" coverage="100%" />
              </conditions>
            </line>
            <line number="141" hits="1" branch="False" />
            <line number="148" hits="6" branch="False" />
            <line number="149" hits="5" branch="False" />
            <line number="150" hits="1" branch="False" />
            <line number="153" hits="1" branch="False" />
            <line number="154" hits="1" branch="False" />
            <line number="158" hits="5" branch="True" condition-coverage="50% (1/2)">
              <conditions>
                <condition number="1426" type="jump" coverage="50%" />
              </conditions>
            </line>
            <line number="160" hits="0" branch="False" />
            <line number="161" hits="0" branch="False" />
            <line number="166" hits="5" branch="False" />
            <line number="167" hits="4" branch="False" />
            <line number="169" hits="1" branch="False" />
            <line number="172" hits="1" branch="False" />
            <line number="173" hits="1" branch="False" />
            <line number="175" hits="0" branch="False" />
            <line number="177" hits="0" branch="False" />
            <line number="178" hits="0" branch="False" />
            <line number="180" hits="18" branch="False" />
          </lines>
        </class>
        <class name="GitHubWebhookBridge.Actions.ActionFactory" filename="Actions/ActionFactory.cs" line-rate="0.4578" branch-rate="0.5325" complexity="249">
          <methods>
            <method name="Deserialize" signature="(System.Text.Json.JsonElement)" line-rate="1" branch-rate="0.5" complexity="2">
              <lines>
                <line number="29" hits="12" branch="True" condition-coverage="50% (1/2)">
                  <conditions>
                    <condition number="18" type="jump" coverage="50%" />
                  </conditions>
                </line>
                <line number="30" hits="12" branch="False" />
              </lines>
            </method>
            <method name="Logger" signature="()" line-rate="1" branch-rate="1" complexity="1">
              <lines>
                <line number="32" hits="13" branch="False" />
              </lines>
            </method>
            <method name="GetAction" signature="(System.String,System.Text.Json.JsonElement,System.Uri)" line-rate="0.3181" branch-rate="0.5327000000000001" complexity="244">
              <lines>
                <line number="43" hits="14" branch="True" condition-coverage="53.27% (130/244)">
                  <conditions>
                    <condition number="1" type="jump" coverage="100%" />
                    <condition number="16" type="switch" coverage="57.14%" />
                    <condition number="145" type="jump" coverage="50%" />
                    <condition number="154" type="switch" coverage="87.5%" />
                    <condition number="211" type="jump" coverage="100%" />
                    <condition number="217" type="switch" coverage="50%" />
                    <condition number="266" type="jump" coverage="50%" />
                    <condition number="295" type="jump" coverage="50%" />
                    <condition number="303" type="jump" coverage="50%" />
                    <condition number="332" type="jump" coverage="50%" />
                    <condition number="340" type="jump" coverage="50%" />
                    <condition number="390" type="jump" coverage="50%" />
                    <condition number="399" type="switch" coverage="50%" />
                    <condition number="456" type="jump" coverage="50%" />
                    <condition number="464" type="jump" coverage="0%" />
                    <condition number="493" type="jump" coverage="0%" />
                    <condition number="501" type="jump" coverage="0%" />
                    <condition number="530" type="jump" coverage="0%" />
                    <condition number="559" type="jump" coverage="0%" />
                    <condition number="589" type="jump" coverage="0%" />
                    <condition number="594" type="jump" coverage="0%" />
                    <condition number="615" type="jump" coverage="0%" />
                    <condition number="623" type="jump" coverage="0%" />
                    <condition number="652" type="jump" coverage="0%" />
                    <condition number="681" type="jump" coverage="0%" />
                    <condition number="689" type="jump" coverage="0%" />
                    <condition number="190" type="jump" coverage="100%" />
                    <condition number="253" type="jump" coverage="50%" />
                    <condition number="274" type="jump" coverage="50%" />
                    <condition number="311" type="jump" coverage="50%" />
                    <condition number="349" type="switch" coverage="50%" />
                    <condition number="1180" type="jump" coverage="0%" />
                    <condition number="435" type="jump" coverage="50%" />
                    <condition number="472" type="jump" coverage="50%" />
                    <condition number="509" type="jump" coverage="50%" />
                    <condition number="538" type="jump" coverage="50%" />
                    <condition number="567" type="jump" coverage="50%" />
                    <condition number="631" type="jump" coverage="50%" />
                    <condition number="602" type="jump" coverage="50%" />
                    <condition number="660" type="jump" coverage="50%" />
                    <condition number="697" type="jump" coverage="50%" />
                    <condition number="718" type="jump" coverage="100%" />
                    <condition number="739" type="jump" coverage="100%" />
                    <condition number="760" type="jump" coverage="100%" />
                    <condition number="781" type="jump" coverage="100%" />
                    <condition number="844" type="jump" coverage="100%" />
                    <condition number="991" type="jump" coverage="100%" />
                    <condition number="1012" type="jump" coverage="100%" />
                    <condition number="1033" type="jump" coverage="100%" />
                    <condition number="1096" type="jump" coverage="100%" />
                    <condition number="1217" type="jump" coverage="100%" />
                    <condition number="865" type="jump" coverage="100%" />
                    <condition number="1238" type="jump" coverage="100%" />
                    <condition number="1364" type="jump" coverage="50%" />
                    <condition number="1385" type="jump" coverage="100%" />
                    <condition number="1448" type="jump" coverage="50%" />
                    <condition number="1054" type="jump" coverage="50%" />
                    <condition number="1511" type="jump" coverage="50%" />
                    <condition number="886" type="jump" coverage="50%" />
                    <condition number="907" type="jump" coverage="50%" />
                    <condition number="1553" type="jump" coverage="50%" />
                    <condition number="1259" type="jump" coverage="50%" />
                    <condition number="1280" type="jump" coverage="50%" />
                    <condition number="1595" type="jump" coverage="50%" />
                    <condition number="1616" type="jump" coverage="50%" />
                    <condition number="1700" type="jump" coverage="50%" />
                    <condition number="1721" type="jump" coverage="50%" />
                    <condition number="928" type="jump" coverage="50%" />
                    <condition number="1117" type="jump" coverage="50%" />
                    <condition number="1742" type="jump" coverage="50%" />
                    <condition number="1763" type="jump" coverage="50%" />
                    <condition number="1805" type="jump" coverage="50%" />
                    <condition number="949" type="jump" coverage="50%" />
                    <condition number="1301" type="jump" coverage="50%" />
                    <condition number="1469" type="jump" coverage="50%" />
                    <condition number="802" type="jump" coverage="50%" />
                    <condition number="1406" type="jump" coverage="50%" />
                    <condition number="1427" type="jump" coverage="50%" />
                    <condition number="1138" type="jump" coverage="50%" />
                    <condition number="1826" type="jump" coverage="50%" />
                    <condition number="1322" type="jump" coverage="50%" />
                    <condition number="1847" type="jump" coverage="50%" />
                    <condition number="1159" type="jump" coverage="50%" />
                    <condition number="1532" type="jump" coverage="50%" />
                    <condition number="1574" type="jump" coverage="50%" />
                    <condition number="1868" type="jump" coverage="50%" />
                    <condition number="1343" type="jump" coverage="50%" />
                    <condition number="1075" type="jump" coverage="50%" />
                    <condition number="1637" type="jump" coverage="50%" />
                    <condition number="1889" type="jump" coverage="50%" />
                    <condition number="1658" type="jump" coverage="50%" />
                    <condition number="1490" type="jump" coverage="50%" />
                    <condition number="970" type="jump" coverage="50%" />
                    <condition number="823" type="jump" coverage="50%" />
                    <condition number="1910" type="jump" coverage="50%" />
                    <condition number="1784" type="jump" coverage="50%" />
                    <condition number="1679" type="jump" coverage="50%" />
                    <condition number="1196" type="jump" coverage="50%" />
                  </conditions>
                </line>
                <line number="44" hits="14" branch="False" />
                <line number="45" hits="14" branch="False" />
                <line number="46" hits="1" branch="False" />
                <line number="47" hits="1" branch="False" />
                <line number="48" hits="1" branch="False" />
                <line number="49" hits="1" branch="False" />
                <line number="50" hits="1" branch="False" />
                <line number="51" hits="1" branch="False" />
                <line number="52" hits="1" branch="False" />
                <line number="53" hits="1" branch="False" />
                <line number="54" hits="1" branch="False" />
                <line number="55" hits="1" branch="False" />
                <line number="56" hits="1" branch="False" />
                <line number="57" hits="1" branch="False" />
                <line number="58" hits="14" branch="False" />
                <line number="59" hits="14" branch="False" />
                <line number="60" hits="0" branch="False" />
                <line number="61" hits="1" branch="False" />
                <line number="62" hits="0" branch="False" />
                <line number="63" hits="0" branch="False" />
                <line number="64" hits="0" branch="False" />
                <line number="65" hits="0" branch="False" />
                <line number="66" hits="0" branch="False" />
                <line number="67" hits="0" branch="False" />
                <line number="68" hits="0" branch="False" />
                <line number="69" hits="0" branch="False" />
                <line number="70" hits="0" branch="False" />
                <line number="71" hits="0" branch="False" />
                <line number="72" hits="0" branch="False" />
                <line number="73" hits="0" branch="False" />
                <line number="74" hits="0" branch="False" />
                <line number="75" hits="0" branch="False" />
                <line number="76" hits="0" branch="False" />
                <line number="77" hits="0" branch="False" />
                <line number="78" hits="0" branch="False" />
                <line number="79" hits="0" branch="False" />
                <line number="80" hits="0" branch="False" />
                <line number="81" hits="0" branch="False" />
                <line number="82" hits="0" branch="False" />
                <line number="83" hits="0" branch="False" />
                <line number="84" hits="0" branch="False" />
                <line number="85" hits="0" branch="False" />
                <line number="86" hits="0" branch="False" />
                <line number="87" hits="0" branch="False" />
                <line number="88" hits="0" branch="False" />
                <line number="89" hits="0" branch="False" />
                <line number="90" hits="0" branch="False" />
                <line number="91" hits="0" branch="False" />
                <line number="92" hits="0" branch="False" />
                <line number="93" hits="0" branch="False" />
                <line number="94" hits="0" branch="False" />
                <line number="95" hits="0" branch="False" />
                <line number="96" hits="0" branch="False" />
                <line number="97" hits="0" branch="False" />
                <line number="98" hits="0" branch="False" />
                <line number="99" hits="0" branch="False" />
                <line number="100" hits="0" branch="False" />
                <line number="101" hits="0" branch="False" />
                <line number="102" hits="0" branch="False" />
                <line number="103" hits="0" branch="False" />
                <line number="104" hits="0" branch="False" />
                <line number="105" hits="0" branch="False" />
                <line number="106" hits="14" branch="False" />
                <line number="107" hits="1" branch="False" />
                <line number="108" hits="14" branch="False" />
              </lines>
            </method>
            <method name=".ctor" signature="(GitHubWebhookBridge.Services.IDiscordClient,GitHubWebhookBridge.Services.IMessageCacheService,GitHubWebhookBridge.Managers.IGitHubUserMapManager,Microsoft.Extensions.Logging.ILoggerFactory)" line-rate="1" branch-rate="1" complexity="1">
              <lines>
                <line number="12" hits="14" branch="False" />
                <line number="13" hits="14" branch="False" />
                <line number="14" hits="14" branch="False" />
                <line number="15" hits="14" branch="False" />
                <line number="16" hits="14" branch="False" />
                <line number="18" hits="14" branch="False" />
                <line number="19" hits="14" branch="False" />
                <line number="20" hits="14" branch="False" />
                <line number="21" hits="14" branch="False" />
              </lines>
            </method>
            <method name=".cctor" signature="()" line-rate="1" branch-rate="1" complexity="1">
              <lines>
                <line number="22" hits="1" branch="False" />
                <line number="23" hits="1" branch="False" />
                <line number="24" hits="1" branch="False" />
                <line number="25" hits="1" branch="False" />
                <line number="26" hits="1" branch="False" />
              </lines>
            </method>
          </methods>
          <lines>
            <line number="29" hits="12" branch="True" condition-coverage="50% (1/2)">
              <conditions>
                <condition number="18" type="jump" coverage="50%" />
              </conditions>
            </line>
            <line number="30" hits="12" branch="False" />
            <line number="32" hits="13" branch="False" />
            <line number="43" hits="14" branch="True" condition-coverage="53.27% (130/244)">
              <conditions>
                <condition number="1" type="jump" coverage="100%" />
                <condition number="16" type="switch" coverage="57.14%" />
                <condition number="145" type="jump" coverage="50%" />
                <condition number="154" type="switch" coverage="87.5%" />
                <condition number="211" type="jump" coverage="100%" />
                <condition number="217" type="switch" coverage="50%" />
                <condition number="266" type="jump" coverage="50%" />
                <condition number="295" type="jump" coverage="50%" />
                <condition number="303" type="jump" coverage="50%" />
                <condition number="332" type="jump" coverage="50%" />
                <condition number="340" type="jump" coverage="50%" />
                <condition number="390" type="jump" coverage="50%" />
                <condition number="399" type="switch" coverage="50%" />
                <condition number="456" type="jump" coverage="50%" />
                <condition number="464" type="jump" coverage="0%" />
                <condition number="493" type="jump" coverage="0%" />
                <condition number="501" type="jump" coverage="0%" />
                <condition number="530" type="jump" coverage="0%" />
                <condition number="559" type="jump" coverage="0%" />
                <condition number="589" type="jump" coverage="0%" />
                <condition number="594" type="jump" coverage="0%" />
                <condition number="615" type="jump" coverage="0%" />
                <condition number="623" type="jump" coverage="0%" />
                <condition number="652" type="jump" coverage="0%" />
                <condition number="681" type="jump" coverage="0%" />
                <condition number="689" type="jump" coverage="0%" />
                <condition number="190" type="jump" coverage="100%" />
                <condition number="253" type="jump" coverage="50%" />
                <condition number="274" type="jump" coverage="50%" />
                <condition number="311" type="jump" coverage="50%" />
                <condition number="349" type="switch" coverage="50%" />
                <condition number="1180" type="jump" coverage="0%" />
                <condition number="435" type="jump" coverage="50%" />
                <condition number="472" type="jump" coverage="50%" />
                <condition number="509" type="jump" coverage="50%" />
                <condition number="538" type="jump" coverage="50%" />
                <condition number="567" type="jump" coverage="50%" />
                <condition number="631" type="jump" coverage="50%" />
                <condition number="602" type="jump" coverage="50%" />
                <condition number="660" type="jump" coverage="50%" />
                <condition number="697" type="jump" coverage="50%" />
                <condition number="718" type="jump" coverage="100%" />
                <condition number="739" type="jump" coverage="100%" />
                <condition number="760" type="jump" coverage="100%" />
                <condition number="781" type="jump" coverage="100%" />
                <condition number="844" type="jump" coverage="100%" />
                <condition number="991" type="jump" coverage="100%" />
                <condition number="1012" type="jump" coverage="100%" />
                <condition number="1033" type="jump" coverage="100%" />
                <condition number="1096" type="jump" coverage="100%" />
                <condition number="1217" type="jump" coverage="100%" />
                <condition number="865" type="jump" coverage="100%" />
                <condition number="1238" type="jump" coverage="100%" />
                <condition number="1364" type="jump" coverage="50%" />
                <condition number="1385" type="jump" coverage="100%" />
                <condition number="1448" type="jump" coverage="50%" />
                <condition number="1054" type="jump" coverage="50%" />
                <condition number="1511" type="jump" coverage="50%" />
                <condition number="886" type="jump" coverage="50%" />
                <condition number="907" type="jump" coverage="50%" />
                <condition number="1553" type="jump" coverage="50%" />
                <condition number="1259" type="jump" coverage="50%" />
                <condition number="1280" type="jump" coverage="50%" />
                <condition number="1595" type="jump" coverage="50%" />
                <condition number="1616" type="jump" coverage="50%" />
                <condition number="1700" type="jump" coverage="50%" />
                <condition number="1721" type="jump" coverage="50%" />
                <condition number="928" type="jump" coverage="50%" />
                <condition number="1117" type="jump" coverage="50%" />
                <condition number="1742" type="jump" coverage="50%" />
                <condition number="1763" type="jump" coverage="50%" />
                <condition number="1805" type="jump" coverage="50%" />
                <condition number="949" type="jump" coverage="50%" />
                <condition number="1301" type="jump" coverage="50%" />
                <condition number="1469" type="jump" coverage="50%" />
                <condition number="802" type="jump" coverage="50%" />
                <condition number="1406" type="jump" coverage="50%" />
                <condition number="1427" type="jump" coverage="50%" />
                <condition number="1138" type="jump" coverage="50%" />
                <condition number="1826" type="jump" coverage="50%" />
                <condition number="1322" type="jump" coverage="50%" />
                <condition number="1847" type="jump" coverage="50%" />
                <condition number="1159" type="jump" coverage="50%" />
                <condition number="1532" type="jump" coverage="50%" />
                <condition number="1574" type="jump" coverage="50%" />
                <condition number="1868" type="jump" coverage="50%" />
                <condition number="1343" type="jump" coverage="50%" />
                <condition number="1075" type="jump" coverage="50%" />
                <condition number="1637" type="jump" coverage="50%" />
                <condition number="1889" type="jump" coverage="50%" />
                <condition number="1658" type="jump" coverage="50%" />
                <condition number="1490" type="jump" coverage="50%" />
                <condition number="970" type="jump" coverage="50%" />
                <condition number="823" type="jump" coverage="50%" />
                <condition number="1910" type="jump" coverage="50%" />
                <condition number="1784" type="jump" coverage="50%" />
                <condition number="1679" type="jump" coverage="50%" />
                <condition number="1196" type="jump" coverage="50%" />
              </conditions>
            </line>
            <line number="44" hits="14" branch="False" />
            <line number="45" hits="14" branch="False" />
            <line number="46" hits="1" branch="False" />
            <line number="47" hits="1" branch="False" />
            <line number="48" hits="1" branch="False" />
            <line number="49" hits="1" branch="False" />
            <line number="50" hits="1" branch="False" />
            <line number="51" hits="1" branch="False" />
            <line number="52" hits="1" branch="False" />
            <line number="53" hits="1" branch="False" />
            <line number="54" hits="1" branch="False" />
            <line number="55" hits="1" branch="False" />
            <line number="56" hits="1" branch="False" />
            <line number="57" hits="1" branch="False" />
            <line number="58" hits="14" branch="False" />
            <line number="59" hits="14" branch="False" />
            <line number="60" hits="0" branch="False" />
            <line number="61" hits="1" branch="False" />
            <line number="62" hits="0" branch="False" />
            <line number="63" hits="0" branch="False" />
            <line number="64" hits="0" branch="False" />
            <line number="65" hits="0" branch="False" />
            <line number="66" hits="0" branch="False" />
            <line number="67" hits="0" branch="False" />
            <line number="68" hits="0" branch="False" />
            <line number="69" hits="0" branch="False" />
            <line number="70" hits="0" branch="False" />
            <line number="71" hits="0" branch="False" />
            <line number="72" hits="0" branch="False" />
            <line number="73" hits="0" branch="False" />
            <line number="74" hits="0" branch="False" />
            <line number="75" hits="0" branch="False" />
            <line number="76" hits="0" branch="False" />
            <line number="77" hits="0" branch="False" />
            <line number="78" hits="0" branch="False" />
            <line number="79" hits="0" branch="False" />
            <line number="80" hits="0" branch="False" />
            <line number="81" hits="0" branch="False" />
            <line number="82" hits="0" branch="False" />
            <line number="83" hits="0" branch="False" />
            <line number="84" hits="0" branch="False" />
            <line number="85" hits="0" branch="False" />
            <line number="86" hits="0" branch="False" />
            <line number="87" hits="0" branch="False" />
            <line number="88" hits="0" branch="False" />
            <line number="89" hits="0" branch="False" />
            <line number="90" hits="0" branch="False" />
            <line number="91" hits="0" branch="False" />
            <line number="92" hits="0" branch="False" />
            <line number="93" hits="0" branch="False" />
            <line number="94" hits="0" branch="False" />
            <line number="95" hits="0" branch="False" />
            <line number="96" hits="0" branch="False" />
            <line number="97" hits="0" branch="False" />
            <line number="98" hits="0" branch="False" />
            <line number="99" hits="0" branch="False" />
            <line number="100" hits="0" branch="False" />
            <line number="101" hits="0" branch="False" />
            <line number="102" hits="0" branch="False" />
            <line number="103" hits="0" branch="False" />
            <line number="104" hits="0" branch="False" />
            <line number="105" hits="0" branch="False" />
            <line number="106" hits="14" branch="False" />
            <line number="107" hits="1" branch="False" />
            <line number="108" hits="14" branch="False" />
            <line number="12" hits="14" branch="False" />
            <line number="13" hits="14" branch="False" />
            <line number="14" hits="14" branch="False" />
            <line number="15" hits="14" branch="False" />
            <line number="16" hits="14" branch="False" />
            <line number="18" hits="14" branch="False" />
            <line number="19" hits="14" branch="False" />
            <line number="20" hits="14" branch="False" />
            <line number="21" hits="14" branch="False" />
            <line number="22" hits="1" branch="False" />
            <line number="23" hits="1" branch="False" />
            <line number="24" hits="1" branch="False" />
            <line number="25" hits="1" branch="False" />
            <line number="26" hits="1" branch="False" />
          </lines>
        </class>
        <class name="GitHubWebhookBridge.Actions.BaseAction`1" filename="Actions/BaseAction.cs" line-rate="0.4838" branch-rate="0" complexity="15">
          <methods>
            <method name="get_Discord" signature="()" line-rate="1" branch-rate="1" complexity="1">
              <lines>
                <line number="24" hits="146" branch="False" />
              </lines>
            </method>
            <method name="get_WebhookUrl" signature="()" line-rate="1" branch-rate="1" complexity="1">
              <lines>
                <line number="27" hits="275" branch="False" />
              </lines>
            </method>
            <method name="get_EventName" signature="()" line-rate="1" branch-rate="1" complexity="1">
              <lines>
                <line number="30" hits="147" branch="False" />
              </lines>
            </method>
            <method name="get_Event" signature="()" line-rate="1" branch-rate="1" complexity="1">
              <lines>
                <line number="33" hits="651" branch="False" />
              </lines>
            </method>
            <method name="get_UserMapManager" signature="()" line-rate="1" branch-rate="1" complexity="1">
              <lines>
                <line number="36" hits="135" branch="False" />
              </lines>
            </method>
            <method name="get_Logger" signature="()" line-rate="1" branch-rate="1" complexity="1">
              <lines>
                <line number="39" hits="81" branch="False" />
              </lines>
            </method>
            <method name="CreatePatch" signature="(System.String,System.String,System.String)" line-rate="0" branch-rate="0" complexity="8">
              <lines>
                <line number="111" hits="0" branch="False" />
                <line number="112" hits="0" branch="False" />
                <line number="113" hits="0" branch="False" />
                <line number="114" hits="0" branch="False" />
                <line number="116" hits="0" branch="True" condition-coverage="0% (0/2)">
                  <conditions>
                    <condition number="295" type="jump" coverage="0%" />
[...]
            </line>
            <line number="39" hits="1" branch="False" />
            <line number="41" hits="6" branch="True" condition-coverage="100% (2/2)">
              <conditions>
                <condition number="540" type="jump" coverage="100%" />
              </conditions>
            </line>
            <line number="43" hits="1" branch="True" condition-coverage="50% (1/2)">
              <conditions>
                <condition number="563" type="jump" coverage="50%" />
              </conditions>
            </line>
            <line number="44" hits="1" branch="False" />
            <line number="45" hits="1" branch="False" />
            <line number="46" hits="1" branch="False" />
            <line number="50" hits="6" branch="False" />
            <line number="51" hits="6" branch="False" />
            <line number="52" hits="6" branch="False" />
            <line number="53" hits="6" branch="True" condition-coverage="100% (2/2)">
              <conditions>
                <condition number="803" type="jump" coverage="100%" />
              </conditions>
            </line>
            <line number="55" hits="6" branch="False" />
            <line number="56" hits="6" branch="False" />
            <line number="57" hits="6" branch="False" />
            <line number="58" hits="6" branch="False" />
            <line number="60" hits="6" branch="True" condition-coverage="100% (2/2)">
              <conditions>
                <condition number="901" type="jump" coverage="100%" />
              </conditions>
            </line>
            <line number="61" hits="6" branch="False" />
            <line number="62" hits="6" branch="False" />
            <line number="63" hits="6" branch="False" />
            <line number="64" hits="6" branch="False" />
            <line number="65" hits="6" branch="False" />
            <line number="66" hits="6" branch="False" />
            <line number="67" hits="6" branch="False" />
            <line number="69" hits="6" branch="False" />
            <line number="70" hits="6" branch="False" />
            <line number="71" hits="6" branch="False" />
          </lines>
        </class>
        <class name="GitHubWebhookBridge.Actions.Impl.PullRequestReviewThreadAction" filename="Actions/Impl/PullRequestReviewThreadAction.cs" line-rate="1" branch-rate="1" complexity="1">
          <methods>
            <method name=".ctor" signature="(GitHubWebhookBridge.Services.IDiscordClient,System.Uri,System.String,GitHubWebhookBridge.Models.GitHubWebhooks.PullRequestReviewThreadEvent,GitHubWebhookBridge.Services.IMessageCacheService,GitHubWebhookBridge.Managers.IGitHubUserMapManager,Microsoft.Extensions.Logging.ILogger)" line-rate="1" branch-rate="1" complexity="1">
              <lines>
                <line number="12" hits="7" branch="False" />
              </lines>
            </method>
          </methods>
          <lines>
            <line number="12" hits="7" branch="False" />
          </lines>
        </class>
        <class name="GitHubWebhookBridge.Actions.Impl.PullRequestReviewThreadAction/&lt;RunAsync&gt;d__1" filename="Actions/Impl/PullRequestReviewThreadAction.cs" line-rate="0.9704999999999999" branch-rate="0.875" complexity="8">
          <methods>
            <method name="MoveNext" signature="()" line-rate="0.9704999999999999" branch-rate="0.875" complexity="8">
              <lines>
                <line number="17" hits="6" branch="False" />
                <line number="18" hits="6" branch="False" />
                <line number="19" hits="6" branch="False" />
                <line number="20" hits="6" branch="False" />
                <line number="22" hits="6" branch="True" condition-coverage="75% (3/4)">
                  <conditions>
                    <condition number="120" type="jump" coverage="100%" />
                    <condition number="134" type="jump" coverage="50%" />
                  </conditions>
                </line>
                <line number="23" hits="6" branch="False" />
                <line number="24" hits="5" branch="False" />
                <line number="25" hits="1" branch="False" />
                <line number="26" hits="0" branch="False" />
                <line number="27" hits="6" branch="False" />
                <line number="29" hits="6" branch="False" />
                <line number="31" hits="6" branch="True" condition-coverage="100% (2/2)">
                  <conditions>
                    <condition number="396" type="jump" coverage="100%" />
                  </conditions>
                </line>
                <line number="32" hits="6" branch="False" />
                <line number="33" hits="6" branch="False" />
                <line number="34" hits="6" branch="False" />
                <line number="35" hits="6" branch="False" />
                <line number="38" hits="6" branch="False" />
                <line number="39" hits="6" branch="False" />
                <line number="40" hits="6" branch="False" />
                <line number="41" hits="6" branch="True" condition-coverage="100% (2/2)">
                  <conditions>
                    <condition number="586" type="jump" coverage="100%" />
                  </conditions>
                </line>
                <line number="43" hits="6" branch="False" />
                <line number="44" hits="6" branch="False" />
                <line number="45" hits="6" branch="False" />
                <line number="46" hits="6" branch="False" />
                <line number="48" hits="6" branch="False" />
                <line number="49" hits="6" branch="False" />
                <line number="50" hits="6" branch="False" />
                <line number="51" hits="6" branch="False" />
                <line number="52" hits="6" branch="False" />
                <line number="53" hits="6" branch="False" />
                <line number="54" hits="6" branch="False" />
                <line number="56" hits="6" branch="False" />
                <line number="57" hits="6" branch="False" />
                <line number="58" hits="6" branch="False" />
              </lines>
            </method>
          </methods>
          <lines>
            <line number="17" hits="6" branch="False" />
            <line number="18" hits="6" branch="False" />
            <line number="19" hits="6" branch="False" />
            <line number="20" hits="6" branch="False" />
            <line number="22" hits="6" branch="True" condition-coverage="75% (3/4)">
              <conditions>
                <condition number="120" type="jump" coverage="100%" />
                <condition number="134" type="jump" coverage="50%" />
              </conditions>
            </line>
            <line number="23" hits="6" branch="False" />
            <line number="24" hits="5" branch="False" />
            <line number="25" hits="1" branch="False" />
            <line number="26" hits="0" branch="False" />
            <line number="27" hits="6" branch="False" />
            <line number="29" hits="6" branch="False" />
            <line number="31" hits="6" branch="True" condition-coverage="100% (2/2)">
              <conditions>
                <condition number="396" type="jump" coverage="100%" />
              </conditions>
            </line>
            <line number="32" hits="6" branch="False" />
            <line number="33" hits="6" branch="False" />
            <line number="34" hits="6" branch="False" />
            <line number="35" hits="6" branch="False" />
            <line number="38" hits="6" branch="False" />
            <line number="39" hits="6" branch="False" />
            <line number="40" hits="6" branch="False" />
            <line number="41" hits="6" branch="True" condition-coverage="100% (2/2)">
              <conditions>
                <condition number="586" type="jump" coverage="100%" />
              </conditions>
            </line>
            <line number="43" hits="6" branch="False" />
            <line number="44" hits="6" branch="False" />
            <line number="45" hits="6" branch="False" />
            <line number="46" hits="6" branch="False" />
            <line number="48" hits="6" branch="False" />
            <line number="49" hits="6" branch="False" />
            <line number="50" hits="6" branch="False" />
            <line number="51" hits="6" branch="False" />
            <line number="52" hits="6" branch="False" />
            <line number="53" hits="6" branch="False" />
            <line number="54" hits="6" branch="False" />
            <line number="56" hits="6" branch="False" />
            <line number="57" hits="6" branch="False" />
            <line number="58" hits="6" branch="False" />
          </lines>
        </class>
        <class name="GitHubWebhookBridge.Actions.Impl.PushAction" filename="Actions/Impl/PushAction.cs" line-rate="0.9375" branch-rate="0.75" complexity="9">
          <methods>
            <method name="GetDescription" signature="(System.Collections.Generic.List`1&lt;GitHubWebhookBridge.Models.GitHubWebhooks.Commit&gt;,System.Int32)" line-rate="0.9333" branch-rate="0.75" complexity="8">
              <lines>
                <line number="51" hits="4" branch="False" />
                <line number="52" hits="4" branch="False" />
                <line number="53" hits="4" branch="True" condition-coverage="50% (1/2)">
                  <conditions>
                    <condition number="12" type="jump" coverage="50%" />
                  </conditions>
                </line>
                <line number="54" hits="4" branch="False" />
                <line number="55" hits="4" branch="True" condition-coverage="100% (2/2)">
                  <conditions>
                    <condition number="49" type="jump" coverage="100%" />
                  </conditions>
                </line>
                <line number="56" hits="4" branch="False" />
                <line number="57" hits="4" branch="False" />
                <line number="58" hits="4" branch="True" condition-coverage="100% (2/2)">
                  <conditions>
                    <condition number="85" type="jump" coverage="100%" />
                  </conditions>
                </line>
                <line number="59" hits="4" branch="False" />
                <line number="60" hits="4" branch="False" />
                <line number="61" hits="4" branch="False" />
                <line number="62" hits="4" branch="False" />
                <line number="64" hits="4" branch="True" condition-coverage="50% (1/2)">
                  <conditions>
                    <condition number="50" type="jump" coverage="50%" />
                  </conditions>
                </line>
                <line number="65" hits="0" branch="False" />
                <line number="67" hits="4" branch="False" />
              </lines>
            </method>
            <method name=".ctor" signature="(GitHubWebhookBridge.Services.IDiscordClient,System.Uri,System.String,GitHubWebhookBridge.Models.GitHubWebhooks.PushEvent,GitHubWebhookBridge.Services.IMessageCacheService,GitHubWebhookBridge.Managers.IGitHubUserMapManager,Microsoft.Extensions.Logging.ILogger)" line-rate="1" branch-rate="1" complexity="1">
              <lines>
                <line number="12" hits="6" branch="False" />
              </lines>
            </method>
          </methods>
          <lines>
            <line number="51" hits="4" branch="False" />
            <line number="52" hits="4" branch="False" />
            <line number="53" hits="4" branch="True" condition-coverage="50% (1/2)">
              <conditions>
                <condition number="12" type="jump" coverage="50%" />
              </conditions>
            </line>
            <line number="54" hits="4" branch="False" />
            <line number="55" hits="4" branch="True" condition-coverage="100% (2/2)">
              <conditions>
                <condition number="49" type="jump" coverage="100%" />
              </conditions>
            </line>
            <line number="56" hits="4" branch="False" />
            <line number="57" hits="4" branch="False" />
            <line number="58" hits="4" branch="True" condition-coverage="100% (2/2)">
              <conditions>
                <condition number="85" type="jump" coverage="100%" />
              </conditions>
            </line>
            <line number="59" hits="4" branch="False" />
            <line number="60" hits="4" branch="False" />
            <line number="61" hits="4" branch="False" />
            <line number="62" hits="4" branch="False" />
            <line number="64" hits="4" branch="True" condition-coverage="50% (1/2)">
              <conditions>
                <condition number="50" type="jump" coverage="50%" />
              </conditions>
            </line>
            <line number="65" hits="0" branch="False" />
            <line number="67" hits="4" branch="False" />
            <line number="12" hits="6" branch="False" />
          </lines>
        </class>
        <class name="GitHubWebhookBridge.Actions.Impl.PushAction/&lt;RunAsync&gt;d__1" filename="Actions/Impl/PushAction.cs" line-rate="1" branch-rate="1" complexity="2">
          <methods>
            <method name="MoveNext" signature="()" line-rate="1" branch-rate="1" complexity="2">
              <lines>
                <line number="17" hits="5" branch="False" />
                <line number="18" hits="6" branch="True" condition-coverage="100% (2/2)">
                  <conditions>
                    <condition number="38" type="jump" coverage="100%" />
                  </conditions>
                </line>
                <line number="21" hits="4" branch="False" />
                <line number="22" hits="4" branch="False" />
                <line number="23" hits="4" branch="False" />
                <line number="27" hits="4" branch="False" />
                <line number="28" hits="4" branch="False" />
                <line number="30" hits="4" branch="False" />
                <line number="31" hits="4" branch="False" />
                <line number="32" hits="4" branch="False" />
                <line number="33" hits="4" branch="False" />
                <line number="35" hits="4" branch="False" />
                <line number="36" hits="4" branch="False" />
                <line number="37" hits="4" branch="False" />
                <line number="38" hits="4" branch="False" />
                <line number="39" hits="4" branch="False" />
                <line number="40" hits="4" branch="False" />
                <line number="42" hits="4" branch="False" />
                <line number="43" hits="4" branch="False" />
                <line number="44" hits="5" branch="False" />
              </lines>
            </method>
          </methods>
          <lines>
            <line number="17" hits="5" branch="False" />
            <line number="18" hits="6" branch="True" condition-coverage="100% (2/2)">
              <conditions>
                <condition number="38" type="jump" coverage="100%" />
              </conditions>
            </line>
            <line number="21" hits="4" branch="False" />
            <line number="22" hits="4" branch="False" />
            <line number="23" hits="4" branch="False" />
            <line number="27" hits="4" branch="False" />
            <line number="28" hits="4" branch="False" />
            <line number="30" hits="4" branch="False" />
            <line number="31" hits="4" branch="False" />
            <line number="32" hits="4" branch="False" />
            <line number="33" hits="4" branch="False" />
            <line number="35" hits="4" branch="False" />
            <line number="36" hits="4" branch="False" />
            <line number="37" hits="4" branch="False" />
            <line number="38" hits="4" branch="False" />
            <line number="39" hits="4" branch="False" />
            <line number="40" hits="4" branch="False" />
            <line number="42" hits="4" branch="False" />
            <line number="43" hits="4" branch="False" />
            <line number="44" hits="5" branch="False" />
          </lines>
        </class>
        <class name="GitHubWebhookBridge.Actions.Impl.StarAction" filename="Actions/Impl/StarAction.cs" line-rate="1" branch-rate="1" complexity="1">
          <methods>
            <method name=".ctor" signature="(GitHubWebhookBridge.Services.IDiscordClient,System.Uri,System.String,GitHubWebhookBridge.Models.GitHubWebhooks.StarEvent,GitHubWebhookBridge.Services.IMessageCacheService,GitHubWebhookBridge.Managers.IGitHubUserMapManager,Microsoft.Extensions.Logging.ILogger)" line-rate="1" branch-rate="1" complexity="1">
              <lines>
                <line number="12" hits="6" branch="False" />
              </lines>
            </method>
          </methods>
          <lines>
            <line number="12" hits="6" branch="False" />
          </lines>
        </class>
        <class name="GitHubWebhookBridge.Actions.Impl.StarAction/&lt;RunAsync&gt;d__1" filename="Actions/Impl/StarAction.cs" line-rate="1" branch-rate="1" complexity="4">
          <methods>
            <method name="MoveNext" signature="()" line-rate="1" branch-rate="1" complexity="4">
              <lines>
                <line number="17" hits="5" branch="True" condition-coverage="100% (2/2)">
                  <conditions>
                    <condition number="41" type="jump" coverage="100%" />
                  </conditions>
                </line>
                <line number="18" hits="5" branch="True" condition-coverage="100% (2/2)">
                  <conditions>
                    <condition number="77" type="jump" coverage="100%" />
                  </conditions>
                </line>
                <line number="20" hits="5" branch="False" />
                <line number="21" hits="5" branch="False" />
                <line number="22" hits="5" branch="False" />
                <line number="23" hits="5" branch="False" />
                <line number="25" hits="5" branch="False" />
                <line number="26" hits="5" branch="False" />
                <line number="27" hits="5" branch="False" />
                <line number="28" hits="5" branch="False" />
                <line number="29" hits="5" branch="False" />
                <line number="30" hits="5" branch="False" />
                <line number="32" hits="5" branch="False" />
                <line number="33" hits="5" branch="False" />
                <line number="34" hits="5" branch="False" />
              </lines>
            </method>
          </methods>
          <lines>
            <line number="17" hits="5" branch="True" condition-coverage="100% (2/2)">
              <conditions>
                <condition number="41" type="jump" coverage="100%" />
              </conditions>
            </line>
            <line number="18" hits="5" branch="True" condition-coverage="100% (2/2)">
              <conditions>
                <condition number="77" type="jump" coverage="100%" />
              </conditions>
            </line>
            <line number="20" hits="5" branch="False" />
            <line number="21" hits="5" branch="False" />
            <line number="22" hits="5" branch="False" />
            <line number="23" hits="5" branch="False" />
            <line number="25" hits="5" branch="False" />
            <line number="26" hits="5" branch="False" />
            <line number="27" hits="5" branch="False" />
            <line number="28" hits="5" branch="False" />
            <line number="29" hits="5" branch="False" />
            <line number="30" hits="5" branch="False" />
            <line number="32" hits="5" branch="False" />
            <line number="33" hits="5" branch="False" />
            <line number="34" hits="5" branch="False" />
          </lines>
        </class>
      </classes>
    </package>
  </packages>
</coverage>